TN:
SF:index.js
FNF:0
FNH:0
DA:2,1
LF:1
LH:1
BRF:0
BRH:0
end_of_record
TN:
SF:mergeReports.js
FNF:0
FNH:0
DA:2,1
LF:1
LH:1
BRF:0
BRH:0
end_of_record
TN:
SF:specTitle.js
FNF:0
FNH:0
DA:2,1
LF:1
LH:1
BRF:0
BRH:0
end_of_record
TN:
SF:src/MergeReports.js
FN:33,(anonymous_0)
FN:53,(anonymous_1)
FN:56,(anonymous_2)
FN:65,(anonymous_3)
FN:83,(anonymous_4)
FN:84,(anonymous_5)
FN:85,(anonymous_6)
FN:103,(anonymous_7)
FN:125,(anonymous_8)
FN:126,(anonymous_9)
FN:134,(anonymous_10)
FN:157,(anonymous_11)
FN:175,(anonymous_12)
FN:183,(anonymous_13)
FN:184,(anonymous_14)
FNF:15
FNH:15
FNDA:48,(anonymous_0)
FNDA:6,(anonymous_1)
FNDA:6,(anonymous_2)
FNDA:6,(anonymous_3)
FNDA:12,(anonymous_4)
FNDA:12,(anonymous_5)
FNDA:12,(anonymous_6)
FNDA:6,(anonymous_7)
FNDA:7,(anonymous_8)
FNDA:7,(anonymous_9)
FNDA:6,(anonymous_10)
FNDA:7,(anonymous_11)
FNDA:7,(anonymous_12)
FNDA:7,(anonymous_13)
FNDA:12,(anonymous_14)
DA:1,1
DA:2,1
DA:3,1
DA:4,1
DA:9,1
DA:13,1
DA:33,1
DA:34,48
DA:35,48
DA:36,48
DA:37,111
DA:39,39
DA:41,9
DA:53,1
DA:54,6
DA:55,6
DA:56,6
DA:57,6
DA:58,6
DA:59,1
DA:60,1
DA:62,0
DA:65,6
DA:66,6
DA:67,0
DA:69,6
DA:70,6
DA:83,1
DA:84,12
DA:85,12
DA:86,12
DA:87,0
DA:89,12
DA:90,12
DA:103,1
DA:104,6
DA:110,6
DA:111,12
DA:114,6
DA:125,1
DA:126,7
DA:127,7
DA:128,6
DA:129,6
DA:130,6
DA:131,12
DA:132,12
DA:134,6
DA:135,6
DA:136,6
DA:141,1
DA:142,1
DA:157,1
DA:158,7
DA:162,7
DA:166,7
DA:170,7
DA:171,7
DA:172,7
DA:173,7
DA:175,7
DA:176,7
DA:177,1
DA:179,7
DA:184,12
DA:191,1
LF:66
LH:63
BRDA:58,0,0,1
BRDA:58,0,1,5
BRDA:66,1,0,0
BRDA:66,1,1,6
BRDA:86,2,0,0
BRDA:86,2,1,12
BRDA:127,3,0,6
BRDA:127,3,1,1
BRDA:157,4,0,4
BRDA:158,5,0,7
BRDA:158,5,1,6
BRDA:158,5,2,0
BRDA:158,5,3,0
BRDA:162,6,0,7
BRDA:162,6,1,6
BRDA:162,6,2,4
BRDA:162,6,3,4
BRDA:166,7,0,7
BRDA:166,7,1,6
BRDA:166,7,2,5
BRDA:166,7,3,5
BRDA:176,8,0,1
BRDA:176,8,1,6
BRF:23
BRH:19
end_of_record
TN:
SF:src/ReporterUtils.js
FN:12,(anonymous_0)
FN:22,(anonymous_1)
FN:32,(anonymous_2)
FN:47,(anonymous_3)
FN:73,(anonymous_4)
FN:89,(anonymous_5)
FN:103,(anonymous_6)
FN:117,(anonymous_7)
FN:154,(anonymous_8)
FNF:9
FNH:8
FNDA:33,(anonymous_0)
FNDA:0,(anonymous_1)
FNDA:3,(anonymous_2)
FNDA:4,(anonymous_3)
FNDA:7,(anonymous_4)
FNDA:5,(anonymous_5)
FNDA:8,(anonymous_6)
FNDA:6,(anonymous_7)
FNDA:2,(anonymous_8)
DA:1,3
DA:2,3
DA:3,3
DA:4,3
DA:12,3
DA:14,33
DA:22,3
DA:24,0
DA:32,3
DA:34,3
DA:35,3
DA:47,3
DA:48,4
DA:49,4
DA:50,4
DA:52,4
DA:53,2
DA:54,2
DA:55,2
DA:56,0
DA:57,2
DA:58,0
DA:59,2
DA:60,1
DA:62,1
DA:64,3
DA:73,3
DA:74,7
DA:75,7
DA:76,7
DA:77,1
DA:79,6
DA:89,3
DA:90,5
DA:91,1
DA:93,4
DA:103,3
DA:104,8
DA:105,1
DA:107,7
DA:117,3
DA:118,6
DA:121,6
DA:123,2
DA:124,1
DA:128,1
DA:132,2
DA:134,1
DA:136,1
DA:138,1
DA:140,1
DA:143,1
DA:145,1
DA:154,3
DA:155,2
DA:156,2
DA:157,2
DA:158,1
DA:160,1
DA:161,1
DA:162,1
DA:164,0
DA:169,3
LF:63
LH:59
BRDA:52,0,0,2
BRDA:52,0,1,2
BRDA:54,1,0,1
BRDA:54,1,1,1
BRDA:55,2,0,0
BRDA:55,2,1,2
BRDA:55,3,0,2
BRDA:55,3,1,0
BRDA:57,4,0,0
BRDA:57,4,1,2
BRDA:57,5,0,2
BRDA:57,5,1,2
BRDA:58,6,0,0
BRDA:58,6,1,0
BRDA:59,7,0,1
BRDA:59,7,1,1
BRDA:76,8,0,1
BRDA:76,8,1,6
BRDA:90,9,0,1
BRDA:90,9,1,4
BRDA:90,10,0,5
BRDA:90,10,1,2
BRDA:104,11,0,1
BRDA:104,11,1,7
BRDA:104,12,0,8
BRDA:104,12,1,1
BRDA:120,13,0,6
BRDA:120,13,1,1
BRDA:121,14,0,2
BRDA:121,14,1,1
BRDA:121,14,2,1
BRDA:121,14,3,1
BRDA:121,14,4,1
BRDA:123,15,0,1
BRDA:123,15,1,1
BRDA:155,16,0,2
BRDA:155,16,1,0
BRDA:157,17,0,1
BRDA:157,17,1,1
BRDA:157,18,0,2
BRDA:157,18,1,1
BRF:41
BRH:35
end_of_record
TN:
SF:src/SonarQubeCypressReporter.js
FN:42,(anonymous_0)
FN:46,(anonymous_1)
FN:56,(anonymous_2)
FN:75,(anonymous_3)
FN:83,(anonymous_4)
FN:87,(anonymous_5)
FNF:6
FNH:0
FNDA:0,(anonymous_0)
FNDA:0,(anonymous_1)
FNDA:0,(anonymous_2)
FNDA:0,(anonymous_3)
FNDA:0,(anonymous_4)
FNDA:0,(anonymous_5)
DA:1,1
DA:2,1
DA:10,1
DA:16,1
DA:19,1
DA:43,0
DA:44,0
DA:46,0
DA:47,0
DA:57,0
DA:58,0
DA:61,0
DA:62,0
DA:63,0
DA:65,0
DA:76,0
DA:77,0
DA:78,0
DA:79,0
DA:80,0
DA:83,0
DA:84,0
DA:87,0
DA:88,0
DA:94,1
LF:25
LH:6
BRDA:57,0,0,0
BRDA:57,0,1,0
BRDA:57,1,0,0
BRDA:57,1,1,0
BRDA:76,2,0,0
BRDA:76,2,1,0
BRDA:76,3,0,0
BRDA:76,3,1,0
BRF:8
BRH:0
end_of_record
TN:
SF:src/SpecTitle.js
FN:3,(anonymous_0)
FN:7,(anonymous_1)
FN:20,(anonymous_2)
FNF:3
FNH:3
FNDA:3,(anonymous_0)
FNDA:3,(anonymous_1)
FNDA:6,(anonymous_2)
DA:3,1
DA:4,3
DA:7,1
DA:9,3
DA:10,1
DA:13,2
DA:14,1
DA:17,1
DA:20,1
DA:21,6
DA:22,5
DA:23,4
DA:24,3
DA:26,1
DA:29,0
DA:32,1
DA:36,1
LF:17
LH:16
BRDA:9,0,0,1
BRDA:9,0,1,2
BRDA:13,1,0,1
BRDA:13,1,1,1
BRDA:21,2,0,5
BRDA:21,2,1,1
BRDA:22,3,0,4
BRDA:22,3,1,0
BRDA:23,4,0,3
BRDA:23,4,1,1
BRF:10
BRH:9
end_of_record
