TN:
SF:index.js
FNF:0
FNH:0
DA:2,1
LF:1
LH:1
BRF:0
BRH:0
end_of_record
TN:
SF:mergeReports.js
FNF:0
FNH:0
DA:2,1
LF:1
LH:1
BRF:0
BRH:0
end_of_record
TN:
SF:specTitle.js
FNF:0
FNH:0
DA:2,1
LF:1
LH:1
BRF:0
BRH:0
end_of_record
TN:
SF:src/MergeReports.js
FN:34,(anonymous_0)
FN:54,(anonymous_1)
FN:58,(anonymous_2)
FN:67,(anonymous_3)
FN:85,(anonymous_4)
FN:86,(anonymous_5)
FN:87,(anonymous_6)
FN:105,(anonymous_7)
FN:127,(anonymous_8)
FN:128,(anonymous_9)
FN:136,(anonymous_10)
FN:159,(anonymous_11)
FN:177,(anonymous_12)
FN:185,(anonymous_13)
FN:186,(anonymous_14)
FNF:15
FNH:15
FNDA:48,(anonymous_0)
FNDA:6,(anonymous_1)
FNDA:6,(anonymous_2)
FNDA:6,(anonymous_3)
FNDA:12,(anonymous_4)
FNDA:12,(anonymous_5)
FNDA:12,(anonymous_6)
FNDA:6,(anonymous_7)
FNDA:7,(anonymous_8)
FNDA:7,(anonymous_9)
FNDA:6,(anonymous_10)
FNDA:7,(anonymous_11)
FNDA:7,(anonymous_12)
FNDA:7,(anonymous_13)
FNDA:12,(anonymous_14)
DA:1,1
DA:2,1
DA:3,1
DA:4,1
DA:5,1
DA:10,1
DA:14,1
DA:34,1
DA:35,48
DA:36,48
DA:37,48
DA:38,111
DA:40,39
DA:42,9
DA:54,1
DA:55,6
DA:56,6
DA:57,6
DA:58,6
DA:59,6
DA:60,6
DA:61,1
DA:62,1
DA:64,0
DA:67,6
DA:68,6
DA:69,0
DA:71,6
DA:72,6
DA:85,1
DA:86,12
DA:87,12
DA:88,12
DA:89,0
DA:91,12
DA:92,12
DA:105,1
DA:106,6
DA:112,6
DA:113,12
DA:116,6
DA:127,1
DA:128,7
DA:129,7
DA:130,6
DA:131,6
DA:132,6
DA:133,12
DA:134,12
DA:136,6
DA:137,6
DA:138,6
DA:143,1
DA:144,1
DA:159,1
DA:160,7
DA:164,7
DA:168,7
DA:172,7
DA:173,7
DA:174,7
DA:175,7
DA:177,7
DA:178,7
DA:179,1
DA:181,7
DA:186,12
DA:193,1
LF:68
LH:65
BRDA:60,0,0,1
BRDA:60,0,1,5
BRDA:68,1,0,0
BRDA:68,1,1,6
BRDA:88,2,0,0
BRDA:88,2,1,12
BRDA:129,3,0,6
BRDA:129,3,1,1
BRDA:159,4,0,4
BRDA:160,5,0,7
BRDA:160,5,1,6
BRDA:160,5,2,0
BRDA:160,5,3,0
BRDA:164,6,0,7
BRDA:164,6,1,6
BRDA:164,6,2,4
BRDA:164,6,3,4
BRDA:168,7,0,7
BRDA:168,7,1,6
BRDA:168,7,2,5
BRDA:168,7,3,5
BRDA:178,8,0,1
BRDA:178,8,1,6
BRF:23
BRH:19
end_of_record
TN:
SF:src/ReporterUtils.js
FN:12,(anonymous_0)
FN:22,(anonymous_1)
FN:37,(anonymous_2)
FN:61,(anonymous_3)
FN:77,(anonymous_4)
FN:91,(anonymous_5)
FN:105,(anonymous_6)
FN:142,(anonymous_7)
FNF:8
FNH:8
FNDA:33,(anonymous_0)
FNDA:3,(anonymous_1)
FNDA:4,(anonymous_2)
FNDA:7,(anonymous_3)
FNDA:5,(anonymous_4)
FNDA:8,(anonymous_5)
FNDA:6,(anonymous_6)
FNDA:2,(anonymous_7)
DA:1,3
DA:2,3
DA:3,3
DA:4,3
DA:12,3
DA:14,33
DA:22,3
DA:24,3
DA:25,3
DA:37,3
DA:38,4
DA:39,4
DA:40,4
DA:42,4
DA:43,2
DA:44,2
DA:45,2
DA:46,0
DA:47,2
DA:48,1
DA:50,1
DA:52,3
DA:61,3
DA:62,7
DA:63,7
DA:64,7
DA:65,1
DA:67,6
DA:77,3
DA:78,5
DA:79,1
DA:81,4
DA:91,3
DA:92,8
DA:93,1
DA:95,7
DA:105,3
DA:106,6
DA:109,6
DA:111,2
DA:112,1
DA:116,1
DA:120,2
DA:122,1
DA:124,1
DA:126,1
DA:128,1
DA:131,1
DA:133,1
DA:142,3
DA:143,2
DA:144,2
DA:145,2
DA:146,1
DA:148,1
DA:149,1
DA:150,1
DA:152,0
DA:157,3
LF:59
LH:57
BRDA:42,0,0,2
BRDA:42,0,1,2
BRDA:44,1,0,1
BRDA:44,1,1,1
BRDA:45,2,0,0
BRDA:45,2,1,2
BRDA:45,3,0,2
BRDA:45,3,1,2
BRDA:46,4,0,0
BRDA:46,4,1,0
BRDA:47,5,0,1
BRDA:47,5,1,1
BRDA:64,6,0,1
BRDA:64,6,1,6
BRDA:78,7,0,1
BRDA:78,7,1,4
BRDA:78,8,0,5
BRDA:78,8,1,2
BRDA:92,9,0,1
BRDA:92,9,1,7
BRDA:92,10,0,8
BRDA:92,10,1,1
BRDA:108,11,0,6
BRDA:108,11,1,1
BRDA:109,12,0,2
BRDA:109,12,1,1
BRDA:109,12,2,1
BRDA:109,12,3,1
BRDA:109,12,4,1
BRDA:111,13,0,1
BRDA:111,13,1,1
BRDA:143,14,0,2
BRDA:143,14,1,0
BRDA:145,15,0,1
BRDA:145,15,1,1
BRDA:145,16,0,2
BRDA:145,16,1,1
BRF:37
BRH:33
end_of_record
TN:
SF:src/SonarQubeCypressReporter.js
FN:40,(anonymous_0)
FN:44,(anonymous_1)
FN:54,(anonymous_2)
FN:69,(anonymous_3)
FN:78,(anonymous_4)
FN:82,(anonymous_5)
FNF:6
FNH:0
FNDA:0,(anonymous_0)
FNDA:0,(anonymous_1)
FNDA:0,(anonymous_2)
FNDA:0,(anonymous_3)
FNDA:0,(anonymous_4)
FNDA:0,(anonymous_5)
DA:1,1
DA:2,1
DA:9,1
DA:15,1
DA:18,1
DA:41,0
DA:42,0
DA:44,0
DA:45,0
DA:55,0
DA:58,0
DA:59,0
DA:60,0
DA:71,0
DA:72,0
DA:73,0
DA:74,0
DA:75,0
DA:78,0
DA:79,0
DA:82,0
DA:83,0
DA:89,1
LF:23
LH:6
BRDA:71,0,0,0
BRDA:71,0,1,0
BRDA:71,1,0,0
BRDA:71,1,1,0
BRF:4
BRH:0
end_of_record
TN:
SF:src/SpecTitle.js
FN:3,(anonymous_0)
FN:7,(anonymous_1)
FN:20,(anonymous_2)
FNF:3
FNH:3
FNDA:3,(anonymous_0)
FNDA:3,(anonymous_1)
FNDA:6,(anonymous_2)
DA:3,1
DA:4,3
DA:7,1
DA:9,3
DA:10,1
DA:13,2
DA:14,1
DA:17,1
DA:20,1
DA:21,6
DA:22,5
DA:23,4
DA:24,3
DA:26,1
DA:29,0
DA:32,1
DA:36,1
LF:17
LH:16
BRDA:9,0,0,1
BRDA:9,0,1,2
BRDA:13,1,0,1
BRDA:13,1,1,1
BRDA:21,2,0,5
BRDA:21,2,1,1
BRDA:22,3,0,4
BRDA:22,3,1,0
BRDA:23,4,0,3
BRDA:23,4,1,1
BRF:10
BRH:9
end_of_record
